[2025-04-02T07:03:52.708+0000] {taskinstance.py:1956} INFO - Dependencies all met for dep_context=non-requeueable deps ti=<TaskInstance: tutorial.templated scheduled__2025-04-01T00:00:00+00:00 [queued]>
[2025-04-02T07:03:52.715+0000] {taskinstance.py:1956} INFO - Dependencies all met for dep_context=requeueable deps ti=<TaskInstance: tutorial.templated scheduled__2025-04-01T00:00:00+00:00 [queued]>
[2025-04-02T07:03:52.715+0000] {taskinstance.py:2170} INFO - Starting attempt 1 of 2
[2025-04-02T07:03:52.726+0000] {taskinstance.py:2191} INFO - Executing <Task(BashOperator): templated> on 2025-04-01 00:00:00+00:00
[2025-04-02T07:03:52.731+0000] {standard_task_runner.py:60} INFO - Started process 148 to run task
[2025-04-02T07:03:52.735+0000] {standard_task_runner.py:87} INFO - Running: ['***', 'tasks', 'run', 'tutorial', 'templated', 'scheduled__2025-04-01T00:00:00+00:00', '--job-id', '6', '--raw', '--subdir', '/home/***/.local/lib/python3.8/site-packages/***/example_dags/tutorial.py', '--cfg-path', '/tmp/tmp_z_rmhxo']
[2025-04-02T07:03:52.737+0000] {standard_task_runner.py:88} INFO - Job 6: Subtask templated
[2025-04-02T07:03:52.782+0000] {task_command.py:423} INFO - Running <TaskInstance: tutorial.templated scheduled__2025-04-01T00:00:00+00:00 [running]> on host 5dafef85f543
[2025-04-02T07:03:52.852+0000] {taskinstance.py:2480} INFO - Exporting env vars: AIRFLOW_CTX_DAG_EMAIL='***@example.com' AIRFLOW_CTX_DAG_OWNER='***' AIRFLOW_CTX_DAG_ID='tutorial' AIRFLOW_CTX_TASK_ID='templated' AIRFLOW_CTX_EXECUTION_DATE='2025-04-01T00:00:00+00:00' AIRFLOW_CTX_TRY_NUMBER='1' AIRFLOW_CTX_DAG_RUN_ID='scheduled__2025-04-01T00:00:00+00:00'
[2025-04-02T07:03:52.854+0000] {subprocess.py:63} INFO - Tmp dir root location: /tmp
[2025-04-02T07:03:52.855+0000] {subprocess.py:75} INFO - Running command: ['/usr/bin/bash', '-c', '\n\n    echo "2025-04-01"\n    echo "2025-04-08"\n\n    echo "2025-04-01"\n    echo "2025-04-08"\n\n    echo "2025-04-01"\n    echo "2025-04-08"\n\n    echo "2025-04-01"\n    echo "2025-04-08"\n\n    echo "2025-04-01"\n    echo "2025-04-08"\n']
[2025-04-02T07:03:52.865+0000] {subprocess.py:86} INFO - Output:
[2025-04-02T07:03:52.867+0000] {subprocess.py:93} INFO - 2025-04-01
[2025-04-02T07:03:52.867+0000] {subprocess.py:93} INFO - 2025-04-08
[2025-04-02T07:03:52.868+0000] {subprocess.py:93} INFO - 2025-04-01
[2025-04-02T07:03:52.868+0000] {subprocess.py:93} INFO - 2025-04-08
[2025-04-02T07:03:52.869+0000] {subprocess.py:93} INFO - 2025-04-01
[2025-04-02T07:03:52.869+0000] {subprocess.py:93} INFO - 2025-04-08
[2025-04-02T07:03:52.869+0000] {subprocess.py:93} INFO - 2025-04-01
[2025-04-02T07:03:52.870+0000] {subprocess.py:93} INFO - 2025-04-08
[2025-04-02T07:03:52.870+0000] {subprocess.py:93} INFO - 2025-04-01
[2025-04-02T07:03:52.871+0000] {subprocess.py:93} INFO - 2025-04-08
[2025-04-02T07:03:52.871+0000] {subprocess.py:97} INFO - Command exited with return code 0
[2025-04-02T07:03:52.893+0000] {taskinstance.py:1138} INFO - Marking task as SUCCESS. dag_id=tutorial, task_id=templated, execution_date=20250401T000000, start_date=20250402T070352, end_date=20250402T070352
[2025-04-02T07:03:52.908+0000] {local_task_job_runner.py:234} INFO - Task exited with return code 0
[2025-04-02T07:03:52.922+0000] {taskinstance.py:3280} INFO - 0 downstream tasks scheduled from follow-on schedule check
