[2025-04-02T07:03:52.796+0000] {taskinstance.py:1956} INFO - Dependencies all met for dep_context=non-requeueable deps ti=<TaskInstance: tutorial.templated manual__2025-04-02T07:03:48.394686+00:00 [queued]>
[2025-04-02T07:03:52.803+0000] {taskinstance.py:1956} INFO - Dependencies all met for dep_context=requeueable deps ti=<TaskInstance: tutorial.templated manual__2025-04-02T07:03:48.394686+00:00 [queued]>
[2025-04-02T07:03:52.804+0000] {taskinstance.py:2170} INFO - Starting attempt 1 of 2
[2025-04-02T07:03:52.816+0000] {taskinstance.py:2191} INFO - Executing <Task(BashOperator): templated> on 2025-04-02 07:03:48.394686+00:00
[2025-04-02T07:03:52.821+0000] {standard_task_runner.py:60} INFO - Started process 150 to run task
[2025-04-02T07:03:52.824+0000] {standard_task_runner.py:87} INFO - Running: ['***', 'tasks', 'run', 'tutorial', 'templated', 'manual__2025-04-02T07:03:48.394686+00:00', '--job-id', '8', '--raw', '--subdir', '/home/***/.local/lib/python3.8/site-packages/***/example_dags/tutorial.py', '--cfg-path', '/tmp/tmps99y7oev']
[2025-04-02T07:03:52.827+0000] {standard_task_runner.py:88} INFO - Job 8: Subtask templated
[2025-04-02T07:03:52.884+0000] {task_command.py:423} INFO - Running <TaskInstance: tutorial.templated manual__2025-04-02T07:03:48.394686+00:00 [running]> on host 5dafef85f543
[2025-04-02T07:03:52.943+0000] {taskinstance.py:2480} INFO - Exporting env vars: AIRFLOW_CTX_DAG_EMAIL='***@example.com' AIRFLOW_CTX_DAG_OWNER='***' AIRFLOW_CTX_DAG_ID='tutorial' AIRFLOW_CTX_TASK_ID='templated' AIRFLOW_CTX_EXECUTION_DATE='2025-04-02T07:03:48.394686+00:00' AIRFLOW_CTX_TRY_NUMBER='1' AIRFLOW_CTX_DAG_RUN_ID='manual__2025-04-02T07:03:48.394686+00:00'
[2025-04-02T07:03:52.945+0000] {subprocess.py:63} INFO - Tmp dir root location: /tmp
[2025-04-02T07:03:52.945+0000] {subprocess.py:75} INFO - Running command: ['/usr/bin/bash', '-c', '\n\n    echo "2025-04-02"\n    echo "2025-04-09"\n\n    echo "2025-04-02"\n    echo "2025-04-09"\n\n    echo "2025-04-02"\n    echo "2025-04-09"\n\n    echo "2025-04-02"\n    echo "2025-04-09"\n\n    echo "2025-04-02"\n    echo "2025-04-09"\n']
[2025-04-02T07:03:52.953+0000] {subprocess.py:86} INFO - Output:
[2025-04-02T07:03:52.954+0000] {subprocess.py:93} INFO - 2025-04-02
[2025-04-02T07:03:52.955+0000] {subprocess.py:93} INFO - 2025-04-09
[2025-04-02T07:03:52.955+0000] {subprocess.py:93} INFO - 2025-04-02
[2025-04-02T07:03:52.956+0000] {subprocess.py:93} INFO - 2025-04-09
[2025-04-02T07:03:52.956+0000] {subprocess.py:93} INFO - 2025-04-02
[2025-04-02T07:03:52.956+0000] {subprocess.py:93} INFO - 2025-04-09
[2025-04-02T07:03:52.957+0000] {subprocess.py:93} INFO - 2025-04-02
[2025-04-02T07:03:52.957+0000] {subprocess.py:93} INFO - 2025-04-09
[2025-04-02T07:03:52.957+0000] {subprocess.py:93} INFO - 2025-04-02
[2025-04-02T07:03:52.958+0000] {subprocess.py:93} INFO - 2025-04-09
[2025-04-02T07:03:52.958+0000] {subprocess.py:97} INFO - Command exited with return code 0
[2025-04-02T07:03:52.976+0000] {taskinstance.py:1138} INFO - Marking task as SUCCESS. dag_id=tutorial, task_id=templated, execution_date=20250402T070348, start_date=20250402T070352, end_date=20250402T070352
[2025-04-02T07:03:52.998+0000] {local_task_job_runner.py:234} INFO - Task exited with return code 0
[2025-04-02T07:03:53.013+0000] {taskinstance.py:3280} INFO - 0 downstream tasks scheduled from follow-on schedule check
